<?xml version="1.0" encoding="UTF-8"?>
<!-- Generated by org.testng.reporters.JUnitXMLReporter -->
<testsuite ignored="0" hostname="LTIN251467" failures="0" tests="3" name="Surefire test" time="16.189" errors="0" timestamp="2024-01-11T15:15:52 IST">
  <testcase classname="com.miniProject.pomTest" name="validatePage" time="1.445"/>
  <testcase classname="com.miniProject.pomTest" name="totalLinks" time="3.41"/>
  <testcase classname="com.miniProject.pomTest" name="windowHandling" time="0.521"/>
</testsuite> <!-- Surefire test -->
