<?xml version="1.0" encoding="UTF-8"?>
<!-- Generated by org.testng.reporters.JUnitXMLReporter -->
<testsuite ignored="0" hostname="LTIN251467" failures="0" tests="3" name="Default test" time="12.367" errors="0" timestamp="2024-01-11T14:57:53 IST">
  <testcase classname="com.miniProject.pomTestPF" name="validatePage" time="1.702"/>
  <testcase classname="com.miniProject.pomTestPF" name="totalLinks" time="2.896"/>
  <testcase classname="com.miniProject.pomTestPF" name="windowHandling" time="0.453"/>
</testsuite> <!-- Default test -->
