<?xml version="1.0" encoding="UTF-8"?>
<testng-results ignored="0" total="3" passed="3" failed="0" skipped="0">
  <reporter-output>
  </reporter-output>
  <suite started-at="2024-01-11T15:15:36 IST" name="Surefire suite" finished-at="2024-01-11T15:15:52 IST" duration-ms="16189">
    <groups>
    </groups>
    <test started-at="2024-01-11T15:15:36 IST" name="Surefire test" finished-at="2024-01-11T15:15:52 IST" duration-ms="16189">
      <class name="com.miniProject.pomTest">
        <test-method is-config="true" signature="createDriver()[pri:0, instance:com.miniProject.pomTest@3527942a]" started-at="2024-01-11T15:15:36 IST" name="createDriver" finished-at="2024-01-11T15:15:45 IST" duration-ms="9394" status="PASS">
          <reporter-output>
          </reporter-output>
        </test-method> <!-- createDriver -->
        <test-method signature="validatePage()[pri:1, instance:com.miniProject.pomTest@3527942a]" started-at="2024-01-11T15:15:45 IST" name="validatePage" finished-at="2024-01-11T15:15:47 IST" duration-ms="1445" status="PASS">
          <reporter-output>
          </reporter-output>
        </test-method> <!-- validatePage -->
        <test-method signature="totalLinks()[pri:2, instance:com.miniProject.pomTest@3527942a]" started-at="2024-01-11T15:15:47 IST" name="totalLinks" finished-at="2024-01-11T15:15:50 IST" duration-ms="3410" status="PASS">
          <reporter-output>
          </reporter-output>
        </test-method> <!-- totalLinks -->
        <test-method signature="windowHandling()[pri:3, instance:com.miniProject.pomTest@3527942a]" started-at="2024-01-11T15:15:50 IST" name="windowHandling" finished-at="2024-01-11T15:15:51 IST" duration-ms="521" status="PASS">
          <reporter-output>
          </reporter-output>
        </test-method> <!-- windowHandling -->
        <test-method is-config="true" signature="quitbrowser()[pri:0, instance:com.miniProject.pomTest@3527942a]" started-at="2024-01-11T15:15:51 IST" name="quitbrowser" finished-at="2024-01-11T15:15:52 IST" duration-ms="1316" status="PASS">
          <reporter-output>
          </reporter-output>
        </test-method> <!-- quitbrowser -->
      </class> <!-- com.miniProject.pomTest -->
    </test> <!-- Surefire test -->
  </suite> <!-- Surefire suite -->
</testng-results>
