<?xml version="1.0" encoding="UTF-8"?>
<testsuite xmlns:xsi="http://www.w3.org/2001/XMLSchema-instance" xsi:noNamespaceSchemaLocation="https://maven.apache.org/surefire/maven-surefire-plugin/xsd/surefire-test-report-3.0.xsd" version="3.0" name="com.miniProject.pomTest" time="17.407" tests="3" errors="0" skipped="0" failures="0">
  <properties>
[...]
</properties>
  <testcase name="validatePage" classname="com.miniProject.pomTest" time="1.457">
    <system-out><![CDATA[Title: Rediffmail Free Unlimited Storage
]]></system-out>
    <system-err><![CDATA[SLF4J: No SLF4J providers were found.
SLF4J: Defaulting to no-operation (NOP) logger implementation
SLF4J: See https://www.slf4j.org/codes.html#noProviders for further details.
]]></system-err>
  </testcase>
  <testcase name="totalLinks" classname="com.miniProject.pomTest" time="3.41">
    <system-out><![CDATA[Total number of links: 3
Links and their texts written to Excel file successfully!
]]></system-out>
  </testcase>
  <testcase name="windowHandling" classname="com.miniProject.pomTest" time="0.522">
    <system-out><![CDATA[Child window 'Terms and Conditions' is opened.
Child window title matches: Rediffmail: Terms and Conditions
]]></system-out>
  </testcase>
</testsuite>